Traceback (most recent call last):
  File "C:\ProgramData\Anaconda3\lib\site-packages\jupyter_cache\executors\utils.py", line 51, in single_nb_execution
    executenb(
  File "C:\ProgramData\Anaconda3\lib\site-packages\nbclient\client.py", line 1112, in execute
    return NotebookClient(nb=nb, resources=resources, km=km, **kwargs).execute()
  File "C:\ProgramData\Anaconda3\lib\site-packages\nbclient\util.py", line 74, in wrapped
    return just_run(coro(*args, **kwargs))
  File "C:\ProgramData\Anaconda3\lib\site-packages\nbclient\util.py", line 53, in just_run
    return loop.run_until_complete(coro)
  File "C:\ProgramData\Anaconda3\lib\asyncio\base_events.py", line 642, in run_until_complete
    return future.result()
  File "C:\ProgramData\Anaconda3\lib\site-packages\nbclient\client.py", line 553, in async_execute
    await self.async_execute_cell(
  File "C:\ProgramData\Anaconda3\lib\site-packages\nbclient\client.py", line 857, in async_execute_cell
    self._check_raise_for_error(cell, exec_reply)
  File "C:\ProgramData\Anaconda3\lib\site-packages\nbclient\client.py", line 760, in _check_raise_for_error
    raise CellExecutionError.from_cell_and_msg(cell, exec_reply_content)
nbclient.exceptions.CellExecutionError: An error occurred while executing the following cell:
------------------
datapath = "../data/"

klein = pd.read_fwf(datapath + "TableF10-3.txt")
klein.dropna(inplace=True)
klein['Year'] = klein['Year'].astype(int)
klein.index = pd.period_range(start=klein['Year'].iloc[0], periods=klein.shape[0], freq="A")
del klein['Year']
------------------

[1;31m---------------------------------------------------------------------------[0m
[1;31mFileNotFoundError[0m                         Traceback (most recent call last)
[1;32m~\AppData\Local\Temp/ipykernel_21104/1244562213.py[0m in [0;36m<module>[1;34m[0m
[0;32m      1[0m [0mdatapath[0m [1;33m=[0m [1;34m"../data/"[0m[1;33m[0m[1;33m[0m[0m
[0;32m      2[0m [1;33m[0m[0m
[1;32m----> 3[1;33m [0mklein[0m [1;33m=[0m [0mpd[0m[1;33m.[0m[0mread_fwf[0m[1;33m([0m[0mdatapath[0m [1;33m+[0m [1;34m"TableF10-3.txt"[0m[1;33m)[0m[1;33m[0m[1;33m[0m[0m
[0m[0;32m      4[0m [0mklein[0m[1;33m.[0m[0mdropna[0m[1;33m([0m[0minplace[0m[1;33m=[0m[1;32mTrue[0m[1;33m)[0m[1;33m[0m[1;33m[0m[0m
[0;32m      5[0m [0mklein[0m[1;33m[[0m[1;34m'Year'[0m[1;33m][0m [1;33m=[0m [0mklein[0m[1;33m[[0m[1;34m'Year'[0m[1;33m][0m[1;33m.[0m[0mastype[0m[1;33m([0m[0mint[0m[1;33m)[0m[1;33m[0m[1;33m[0m[0m

[1;32mC:\ProgramData\Anaconda3\lib\site-packages\pandas\io\parsers\readers.py[0m in [0;36mread_fwf[1;34m(filepath_or_buffer, colspecs, widths, infer_nrows, **kwds)[0m
[0;32m    760[0m     [0mkwds[0m[1;33m[[0m[1;34m"infer_nrows"[0m[1;33m][0m [1;33m=[0m [0minfer_nrows[0m[1;33m[0m[1;33m[0m[0m
[0;32m    761[0m     [0mkwds[0m[1;33m[[0m[1;34m"engine"[0m[1;33m][0m [1;33m=[0m [1;34m"python-fwf"[0m[1;33m[0m[1;33m[0m[0m
[1;32m--> 762[1;33m     [1;32mreturn[0m [0m_read[0m[1;33m([0m[0mfilepath_or_buffer[0m[1;33m,[0m [0mkwds[0m[1;33m)[0m[1;33m[0m[1;33m[0m[0m
[0m[0;32m    763[0m [1;33m[0m[0m
[0;32m    764[0m [1;33m[0m[0m

[1;32mC:\ProgramData\Anaconda3\lib\site-packages\pandas\io\parsers\readers.py[0m in [0;36m_read[1;34m(filepath_or_buffer, kwds)[0m
[0;32m    480[0m [1;33m[0m[0m
[0;32m    481[0m     [1;31m# Create the parser.[0m[1;33m[0m[1;33m[0m[0m
[1;32m--> 482[1;33m     [0mparser[0m [1;33m=[0m [0mTextFileReader[0m[1;33m([0m[0mfilepath_or_buffer[0m[1;33m,[0m [1;33m**[0m[0mkwds[0m[1;33m)[0m[1;33m[0m[1;33m[0m[0m
[0m[0;32m    483[0m [1;33m[0m[0m
[0;32m    484[0m     [1;32mif[0m [0mchunksize[0m [1;32mor[0m [0miterator[0m[1;33m:[0m[1;33m[0m[1;33m[0m[0m

[1;32mC:\ProgramData\Anaconda3\lib\site-packages\pandas\io\parsers\readers.py[0m in [0;36m__init__[1;34m(self, f, engine, **kwds)[0m
[0;32m    809[0m             [0mself[0m[1;33m.[0m[0moptions[0m[1;33m[[0m[1;34m"has_index_names"[0m[1;33m][0m [1;33m=[0m [0mkwds[0m[1;33m[[0m[1;34m"has_index_names"[0m[1;33m][0m[1;33m[0m[1;33m[0m[0m
[0;32m    810[0m [1;33m[0m[0m
[1;32m--> 811[1;33m         [0mself[0m[1;33m.[0m[0m_engine[0m [1;33m=[0m [0mself[0m[1;33m.[0m[0m_make_engine[0m[1;33m([0m[0mself[0m[1;33m.[0m[0mengine[0m[1;33m)[0m[1;33m[0m[1;33m[0m[0m
[0m[0;32m    812[0m [1;33m[0m[0m
[0;32m    813[0m     [1;32mdef[0m [0mclose[0m[1;33m([0m[0mself[0m[1;33m)[0m[1;33m:[0m[1;33m[0m[1;33m[0m[0m

[1;32mC:\ProgramData\Anaconda3\lib\site-packages\pandas\io\parsers\readers.py[0m in [0;36m_make_engine[1;34m(self, engine)[0m
[0;32m   1038[0m             )
[0;32m   1039[0m         [1;31m# error: Too many arguments for "ParserBase"[0m[1;33m[0m[1;33m[0m[0m
[1;32m-> 1040[1;33m         [1;32mreturn[0m [0mmapping[0m[1;33m[[0m[0mengine[0m[1;33m][0m[1;33m([0m[0mself[0m[1;33m.[0m[0mf[0m[1;33m,[0m [1;33m**[0m[0mself[0m[1;33m.[0m[0moptions[0m[1;33m)[0m  [1;31m# type: ignore[call-arg][0m[1;33m[0m[1;33m[0m[0m
[0m[0;32m   1041[0m [1;33m[0m[0m
[0;32m   1042[0m     [1;32mdef[0m [0m_failover_to_python[0m[1;33m([0m[0mself[0m[1;33m)[0m[1;33m:[0m[1;33m[0m[1;33m[0m[0m

[1;32mC:\ProgramData\Anaconda3\lib\site-packages\pandas\io\parsers\python_parser.py[0m in [0;36m__init__[1;34m(self, f, **kwds)[0m
[0;32m   1201[0m         [0mself[0m[1;33m.[0m[0mcolspecs[0m [1;33m=[0m [0mkwds[0m[1;33m.[0m[0mpop[0m[1;33m([0m[1;34m"colspecs"[0m[1;33m)[0m[1;33m[0m[1;33m[0m[0m
[0;32m   1202[0m         [0mself[0m[1;33m.[0m[0minfer_nrows[0m [1;33m=[0m [0mkwds[0m[1;33m.[0m[0mpop[0m[1;33m([0m[1;34m"infer_nrows"[0m[1;33m)[0m[1;33m[0m[1;33m[0m[0m
[1;32m-> 1203[1;33m         [0mPythonParser[0m[1;33m.[0m[0m__init__[0m[1;33m([0m[0mself[0m[1;33m,[0m [0mf[0m[1;33m,[0m [1;33m**[0m[0mkwds[0m[1;33m)[0m[1;33m[0m[1;33m[0m[0m
[0m[0;32m   1204[0m [1;33m[0m[0m
[0;32m   1205[0m     [1;32mdef[0m [0m_make_reader[0m[1;33m([0m[0mself[0m[1;33m,[0m [0mf[0m[1;33m)[0m[1;33m:[0m[1;33m[0m[1;33m[0m[0m

[1;32mC:\ProgramData\Anaconda3\lib\site-packages\pandas\io\parsers\python_parser.py[0m in [0;36m__init__[1;34m(self, f, **kwds)[0m
[0;32m     94[0m             [0mself[0m[1;33m.[0m[0mdata[0m [1;33m=[0m [0mcast[0m[1;33m([0m[0mIterator[0m[1;33m[[0m[0mstr[0m[1;33m][0m[1;33m,[0m [0mf[0m[1;33m)[0m[1;33m[0m[1;33m[0m[0m
[0;32m     95[0m         [1;32melse[0m[1;33m:[0m[1;33m[0m[1;33m[0m[0m
[1;32m---> 96[1;33m             [0mself[0m[1;33m.[0m[0m_open_handles[0m[1;33m([0m[0mf[0m[1;33m,[0m [0mkwds[0m[1;33m)[0m[1;33m[0m[1;33m[0m[0m
[0m[0;32m     97[0m             [1;32massert[0m [0mself[0m[1;33m.[0m[0mhandles[0m [1;32mis[0m [1;32mnot[0m [1;32mNone[0m[1;33m[0m[1;33m[0m[0m
[0;32m     98[0m             [1;32massert[0m [0mhasattr[0m[1;33m([0m[0mself[0m[1;33m.[0m[0mhandles[0m[1;33m.[0m[0mhandle[0m[1;33m,[0m [1;34m"readline"[0m[1;33m)[0m[1;33m[0m[1;33m[0m[0m

[1;32mC:\ProgramData\Anaconda3\lib\site-packages\pandas\io\parsers\base_parser.py[0m in [0;36m_open_handles[1;34m(self, src, kwds)[0m
[0;32m    220[0m         [0mLet[0m [0mthe[0m [0mreaders[0m [0mopen[0m [0mIOHandles[0m [0mafter[0m [0mthey[0m [0mare[0m [0mdone[0m [1;32mwith[0m [0mtheir[0m [0mpotential[0m [0mraises[0m[1;33m.[0m[1;33m[0m[1;33m[0m[0m
[0;32m    221[0m         """
[1;32m--> 222[1;33m         self.handles = get_handle(
[0m[0;32m    223[0m             [0msrc[0m[1;33m,[0m[1;33m[0m[1;33m[0m[0m
[0;32m    224[0m             [1;34m"r"[0m[1;33m,[0m[1;33m[0m[1;33m[0m[0m

[1;32mC:\ProgramData\Anaconda3\lib\site-packages\pandas\io\common.py[0m in [0;36mget_handle[1;34m(path_or_buf, mode, encoding, compression, memory_map, is_text, errors, storage_options)[0m
[0;32m    700[0m         [1;32mif[0m [0mioargs[0m[1;33m.[0m[0mencoding[0m [1;32mand[0m [1;34m"b"[0m [1;32mnot[0m [1;32min[0m [0mioargs[0m[1;33m.[0m[0mmode[0m[1;33m:[0m[1;33m[0m[1;33m[0m[0m
[0;32m    701[0m             [1;31m# Encoding[0m[1;33m[0m[1;33m[0m[0m
[1;32m--> 702[1;33m             handle = open(
[0m[0;32m    703[0m                 [0mhandle[0m[1;33m,[0m[1;33m[0m[1;33m[0m[0m
[0;32m    704[0m                 [0mioargs[0m[1;33m.[0m[0mmode[0m[1;33m,[0m[1;33m[0m[1;33m[0m[0m

[1;31mFileNotFoundError[0m: [Errno 2] No such file or directory: '../data/TableF10-3.txt'
FileNotFoundError: [Errno 2] No such file or directory: '../data/TableF10-3.txt'

