Traceback (most recent call last):
  File "/home/randall/anaconda3/envs/libro-ec4301/lib/python3.8/site-packages/jupyter_cache/executors/utils.py", line 51, in single_nb_execution
    executenb(
  File "/home/randall/anaconda3/envs/libro-ec4301/lib/python3.8/site-packages/nbclient/client.py", line 1112, in execute
    return NotebookClient(nb=nb, resources=resources, km=km, **kwargs).execute()
  File "/home/randall/anaconda3/envs/libro-ec4301/lib/python3.8/site-packages/nbclient/util.py", line 74, in wrapped
    return just_run(coro(*args, **kwargs))
  File "/home/randall/anaconda3/envs/libro-ec4301/lib/python3.8/site-packages/nbclient/util.py", line 53, in just_run
    return loop.run_until_complete(coro)
  File "/home/randall/anaconda3/envs/libro-ec4301/lib/python3.8/asyncio/base_events.py", line 616, in run_until_complete
    return future.result()
  File "/home/randall/anaconda3/envs/libro-ec4301/lib/python3.8/site-packages/nbclient/client.py", line 553, in async_execute
    await self.async_execute_cell(
  File "/home/randall/anaconda3/envs/libro-ec4301/lib/python3.8/site-packages/nbclient/client.py", line 857, in async_execute_cell
    self._check_raise_for_error(cell, exec_reply)
  File "/home/randall/anaconda3/envs/libro-ec4301/lib/python3.8/site-packages/nbclient/client.py", line 760, in _check_raise_for_error
    raise CellExecutionError.from_cell_and_msg(cell, exec_reply_content)
nbclient.exceptions.CellExecutionError: An error occurred while executing the following cell:
------------------
datos <- read_csv("../data/LandD.csv") %>%
  mutate(trimestre = yearquarter(trimestre)) %>%
  as_tsibble(index=trimestre) %>%
  select(trimestre, y)

datos
------------------

Error: '../data/LandD.csv' does not exist in current working directory ('/home/randall/Documents/ec4301/ec4301/r-code').
Traceback:

1. read_csv("../data/LandD.csv") %>% mutate(trimestre = yearquarter(trimestre)) %>% 
 .     as_tsibble(index = trimestre) %>% select(trimestre, y)
2. select(., trimestre, y)
3. as_tsibble(., index = trimestre)
4. mutate(., trimestre = yearquarter(trimestre))
5. read_csv("../data/LandD.csv")
6. read_delimited(file, tokenizer, col_names = col_names, col_types = col_types, 
 .     locale = locale, skip = skip, skip_empty_rows = skip_empty_rows, 
 .     comment = comment, n_max = n_max, guess_max = guess_max, 
 .     progress = progress)
7. standardise_path(file)
8. check_path(path)
9. stop("'", path, "' does not exist", if (!is_absolute_path(path)) paste0(" in current working directory ('", 
 .     getwd(), "')"), ".", call. = FALSE)
ERROR: Error: '../data/LandD.csv' does not exist in current working directory ('/home/randall/Documents/ec4301/ec4301/r-code').


