Traceback (most recent call last):
  File "/home/randall/anaconda3/envs/libro-ec4301/lib/python3.8/site-packages/jupyter_cache/executors/utils.py", line 51, in single_nb_execution
    executenb(
  File "/home/randall/anaconda3/envs/libro-ec4301/lib/python3.8/site-packages/nbclient/client.py", line 1112, in execute
    return NotebookClient(nb=nb, resources=resources, km=km, **kwargs).execute()
  File "/home/randall/anaconda3/envs/libro-ec4301/lib/python3.8/site-packages/nbclient/util.py", line 74, in wrapped
    return just_run(coro(*args, **kwargs))
  File "/home/randall/anaconda3/envs/libro-ec4301/lib/python3.8/site-packages/nbclient/util.py", line 53, in just_run
    return loop.run_until_complete(coro)
  File "/home/randall/anaconda3/envs/libro-ec4301/lib/python3.8/asyncio/base_events.py", line 616, in run_until_complete
    return future.result()
  File "/home/randall/anaconda3/envs/libro-ec4301/lib/python3.8/site-packages/nbclient/client.py", line 553, in async_execute
    await self.async_execute_cell(
  File "/home/randall/anaconda3/envs/libro-ec4301/lib/python3.8/site-packages/nbclient/client.py", line 857, in async_execute_cell
    self._check_raise_for_error(cell, exec_reply)
  File "/home/randall/anaconda3/envs/libro-ec4301/lib/python3.8/site-packages/nbclient/client.py", line 760, in _check_raise_for_error
    raise CellExecutionError.from_cell_and_msg(cell, exec_reply_content)
nbclient.exceptions.CellExecutionError: An error occurred while executing the following cell:
------------------
import matplotlib as plt

print("Este es un resultado obtenido con Python! Clic en 'Click to Show' para ver el código que lo generó!")

plt.plot([1,9,2,8,3,7,4,6,5,5,5])
------------------

[0;31m---------------------------------------------------------------------------[0m
[0;31mAttributeError[0m                            Traceback (most recent call last)
[0;32m<ipython-input-1-c94173c792df>[0m in [0;36m<module>[0;34m[0m
[1;32m      3[0m [0mprint[0m[0;34m([0m[0;34m"Este es un resultado obtenido con Python! Clic en 'Click to Show' para ver el código que lo generó!"[0m[0;34m)[0m[0;34m[0m[0;34m[0m[0m
[1;32m      4[0m [0;34m[0m[0m
[0;32m----> 5[0;31m [0mplt[0m[0;34m.[0m[0mplot[0m[0;34m([0m[0;34m[[0m[0;36m1[0m[0;34m,[0m[0;36m9[0m[0;34m,[0m[0;36m2[0m[0;34m,[0m[0;36m8[0m[0;34m,[0m[0;36m3[0m[0;34m,[0m[0;36m7[0m[0;34m,[0m[0;36m4[0m[0;34m,[0m[0;36m6[0m[0;34m,[0m[0;36m5[0m[0;34m,[0m[0;36m5[0m[0;34m,[0m[0;36m5[0m[0;34m][0m[0;34m)[0m[0;34m[0m[0;34m[0m[0m
[0m
[0;31mAttributeError[0m: module 'matplotlib' has no attribute 'plot'
AttributeError: module 'matplotlib' has no attribute 'plot'

