Traceback (most recent call last):
  File "C:\ProgramData\Anaconda3\envs\libro-ec4301\lib\site-packages\jupyter_cache\executors\utils.py", line 51, in single_nb_execution
    executenb(
  File "C:\ProgramData\Anaconda3\envs\libro-ec4301\lib\site-packages\nbclient\client.py", line 1204, in execute
    return NotebookClient(nb=nb, resources=resources, km=km, **kwargs).execute()
  File "C:\ProgramData\Anaconda3\envs\libro-ec4301\lib\site-packages\nbclient\util.py", line 84, in wrapped
    return just_run(coro(*args, **kwargs))
  File "C:\ProgramData\Anaconda3\envs\libro-ec4301\lib\site-packages\nbclient\util.py", line 62, in just_run
    return loop.run_until_complete(coro)
  File "C:\ProgramData\Anaconda3\envs\libro-ec4301\lib\asyncio\base_events.py", line 647, in run_until_complete
    return future.result()
  File "C:\ProgramData\Anaconda3\envs\libro-ec4301\lib\site-packages\nbclient\client.py", line 663, in async_execute
    await self.async_execute_cell(
  File "C:\ProgramData\Anaconda3\envs\libro-ec4301\lib\site-packages\nbclient\client.py", line 965, in async_execute_cell
    await self._check_raise_for_error(cell, cell_index, exec_reply)
  File "C:\ProgramData\Anaconda3\envs\libro-ec4301\lib\site-packages\nbclient\client.py", line 862, in _check_raise_for_error
    raise CellExecutionError.from_cell_and_msg(cell, exec_reply_content)
nbclient.exceptions.CellExecutionError: An error occurred while executing the following cell:
------------------
greene_file = 'http://www.stern.nyu.edu/~wgreene/Text/Edition7/TableF2-2.csv'
gasdata = pd.read_csv(greene_file, parse_dates=True, index_col=0)

gasdata.eval('G = GASEXP/GASP', inplace=True)
gasdata.eval('GPC = 1e6*G/POP', inplace=True)
gasdata['t'] = np.exp(gasdata.index.year - 1952)

series = {
    'GASEXP'    : 'Total U.S. gasoline expenditure',
    'GASP'      : 'precio combustible',
    'INCOME'    : 'ingreso per capita',
    'PNC'       : 'precio carro nuevo',
    'PUC'       : 'precio carro nuevo',
    'POP'       : 'U.S. total population in thousands',
    'GPC'       : 'Consumo per capita',
    'Intercept' : 'intercepto',
    't'         : 'tendencia'
}

params = pd.DataFrame()
signif = pd.DataFrame()
stats = pd.DataFrame(index=['S', '$R^2$', 'T', 'k'])

samples = {'1953-2004': slice('1953','2004'),
           '1953-1973': slice('1953','1973'),
           '1974-2004': slice('1974','2004')}


for periodo, ss in samples.items():
    mm = ols('GPC ~ INCOME + GASP + PNC + PUC + t', np.log(gasdata)[ss]).fit()
    params[periodo] = mm.params
    signif[periodo] = ['✓' if p < 0.05 else '' for p in mm.pvalues]
    stats[periodo] = [mm.ssr, mm.rsquared, mm.nobs, mm.params.shape[0]]

params.rename(index=series)
signif.index = params.index

pd.concat([params.round(4), signif], keys=['coef ', 'p<0.05']).unstack(0)
------------------

[1;31m---------------------------------------------------------------------------[0m
[1;31mSSLCertVerificationError[0m                  Traceback (most recent call last)
File [1;32mC:\ProgramData\Anaconda3\envs\libro-ec4301\lib\urllib\request.py:1346[0m, in [0;36mAbstractHTTPHandler.do_open[1;34m(self, http_class, req, **http_conn_args)[0m
[0;32m   1345[0m [38;5;28;01mtry[39;00m:
[1;32m-> 1346[0m     [43mh[49m[38;5;241;43m.[39;49m[43mrequest[49m[43m([49m[43mreq[49m[38;5;241;43m.[39;49m[43mget_method[49m[43m([49m[43m)[49m[43m,[49m[43m [49m[43mreq[49m[38;5;241;43m.[39;49m[43mselector[49m[43m,[49m[43m [49m[43mreq[49m[38;5;241;43m.[39;49m[43mdata[49m[43m,[49m[43m [49m[43mheaders[49m[43m,[49m
[0;32m   1347[0m [43m              [49m[43mencode_chunked[49m[38;5;241;43m=[39;49m[43mreq[49m[38;5;241;43m.[39;49m[43mhas_header[49m[43m([49m[38;5;124;43m'[39;49m[38;5;124;43mTransfer-encoding[39;49m[38;5;124;43m'[39;49m[43m)[49m[43m)[49m
[0;32m   1348[0m [38;5;28;01mexcept[39;00m [38;5;167;01mOSError[39;00m [38;5;28;01mas[39;00m err: [38;5;66;03m# timeout error[39;00m

File [1;32mC:\ProgramData\Anaconda3\envs\libro-ec4301\lib\http\client.py:1285[0m, in [0;36mHTTPConnection.request[1;34m(self, method, url, body, headers, encode_chunked)[0m
[0;32m   1284[0m [38;5;124;03m"""Send a complete request to the server."""[39;00m
[1;32m-> 1285[0m [38;5;28;43mself[39;49m[38;5;241;43m.[39;49m[43m_send_request[49m[43m([49m[43mmethod[49m[43m,[49m[43m [49m[43murl[49m[43m,[49m[43m [49m[43mbody[49m[43m,[49m[43m [49m[43mheaders[49m[43m,[49m[43m [49m[43mencode_chunked[49m[43m)[49m

File [1;32mC:\ProgramData\Anaconda3\envs\libro-ec4301\lib\http\client.py:1331[0m, in [0;36mHTTPConnection._send_request[1;34m(self, method, url, body, headers, encode_chunked)[0m
[0;32m   1330[0m     body [38;5;241m=[39m _encode(body, [38;5;124m'[39m[38;5;124mbody[39m[38;5;124m'[39m)
[1;32m-> 1331[0m [38;5;28;43mself[39;49m[38;5;241;43m.[39;49m[43mendheaders[49m[43m([49m[43mbody[49m[43m,[49m[43m [49m[43mencode_chunked[49m[38;5;241;43m=[39;49m[43mencode_chunked[49m[43m)[49m

File [1;32mC:\ProgramData\Anaconda3\envs\libro-ec4301\lib\http\client.py:1280[0m, in [0;36mHTTPConnection.endheaders[1;34m(self, message_body, encode_chunked)[0m
[0;32m   1279[0m     [38;5;28;01mraise[39;00m CannotSendHeader()
[1;32m-> 1280[0m [38;5;28;43mself[39;49m[38;5;241;43m.[39;49m[43m_send_output[49m[43m([49m[43mmessage_body[49m[43m,[49m[43m [49m[43mencode_chunked[49m[38;5;241;43m=[39;49m[43mencode_chunked[49m[43m)[49m

File [1;32mC:\ProgramData\Anaconda3\envs\libro-ec4301\lib\http\client.py:1040[0m, in [0;36mHTTPConnection._send_output[1;34m(self, message_body, encode_chunked)[0m
[0;32m   1039[0m [38;5;28;01mdel[39;00m [38;5;28mself[39m[38;5;241m.[39m_buffer[:]
[1;32m-> 1040[0m [38;5;28;43mself[39;49m[38;5;241;43m.[39;49m[43msend[49m[43m([49m[43mmsg[49m[43m)[49m
[0;32m   1042[0m [38;5;28;01mif[39;00m message_body [38;5;129;01mis[39;00m [38;5;129;01mnot[39;00m [38;5;28;01mNone[39;00m:
[0;32m   1043[0m 
[0;32m   1044[0m     [38;5;66;03m# create a consistent interface to message_body[39;00m

File [1;32mC:\ProgramData\Anaconda3\envs\libro-ec4301\lib\http\client.py:980[0m, in [0;36mHTTPConnection.send[1;34m(self, data)[0m
[0;32m    979[0m [38;5;28;01mif[39;00m [38;5;28mself[39m[38;5;241m.[39mauto_open:
[1;32m--> 980[0m     [38;5;28;43mself[39;49m[38;5;241;43m.[39;49m[43mconnect[49m[43m([49m[43m)[49m
[0;32m    981[0m [38;5;28;01melse[39;00m:

File [1;32mC:\ProgramData\Anaconda3\envs\libro-ec4301\lib\http\client.py:1454[0m, in [0;36mHTTPSConnection.connect[1;34m(self)[0m
[0;32m   1452[0m     server_hostname [38;5;241m=[39m [38;5;28mself[39m[38;5;241m.[39mhost
[1;32m-> 1454[0m [38;5;28mself[39m[38;5;241m.[39msock [38;5;241m=[39m [38;5;28;43mself[39;49m[38;5;241;43m.[39;49m[43m_context[49m[38;5;241;43m.[39;49m[43mwrap_socket[49m[43m([49m[38;5;28;43mself[39;49m[38;5;241;43m.[39;49m[43msock[49m[43m,[49m
[0;32m   1455[0m [43m                                      [49m[43mserver_hostname[49m[38;5;241;43m=[39;49m[43mserver_hostname[49m[43m)[49m

File [1;32mC:\ProgramData\Anaconda3\envs\libro-ec4301\lib\ssl.py:501[0m, in [0;36mSSLContext.wrap_socket[1;34m(self, sock, server_side, do_handshake_on_connect, suppress_ragged_eofs, server_hostname, session)[0m
[0;32m    495[0m [38;5;28;01mdef[39;00m [38;5;21mwrap_socket[39m([38;5;28mself[39m, sock, server_side[38;5;241m=[39m[38;5;28;01mFalse[39;00m,
[0;32m    496[0m                 do_handshake_on_connect[38;5;241m=[39m[38;5;28;01mTrue[39;00m,
[0;32m    497[0m                 suppress_ragged_eofs[38;5;241m=[39m[38;5;28;01mTrue[39;00m,
[0;32m    498[0m                 server_hostname[38;5;241m=[39m[38;5;28;01mNone[39;00m, session[38;5;241m=[39m[38;5;28;01mNone[39;00m):
[0;32m    499[0m     [38;5;66;03m# SSLSocket class handles server_hostname encoding before it calls[39;00m
[0;32m    500[0m     [38;5;66;03m# ctx._wrap_socket()[39;00m
[1;32m--> 501[0m     [38;5;28;01mreturn[39;00m [38;5;28;43mself[39;49m[38;5;241;43m.[39;49m[43msslsocket_class[49m[38;5;241;43m.[39;49m[43m_create[49m[43m([49m
[0;32m    502[0m [43m        [49m[43msock[49m[38;5;241;43m=[39;49m[43msock[49m[43m,[49m
[0;32m    503[0m [43m        [49m[43mserver_side[49m[38;5;241;43m=[39;49m[43mserver_side[49m[43m,[49m
[0;32m    504[0m [43m        [49m[43mdo_handshake_on_connect[49m[38;5;241;43m=[39;49m[43mdo_handshake_on_connect[49m[43m,[49m
[0;32m    505[0m [43m        [49m[43msuppress_ragged_eofs[49m[38;5;241;43m=[39;49m[43msuppress_ragged_eofs[49m[43m,[49m
[0;32m    506[0m [43m        [49m[43mserver_hostname[49m[38;5;241;43m=[39;49m[43mserver_hostname[49m[43m,[49m
[0;32m    507[0m [43m        [49m[43mcontext[49m[38;5;241;43m=[39;49m[38;5;28;43mself[39;49m[43m,[49m
[0;32m    508[0m [43m        [49m[43msession[49m[38;5;241;43m=[39;49m[43msession[49m
[0;32m    509[0m [43m    [49m[43m)[49m

File [1;32mC:\ProgramData\Anaconda3\envs\libro-ec4301\lib\ssl.py:1041[0m, in [0;36mSSLSocket._create[1;34m(cls, sock, server_side, do_handshake_on_connect, suppress_ragged_eofs, server_hostname, context, session)[0m
[0;32m   1040[0m             [38;5;28;01mraise[39;00m [38;5;167;01mValueError[39;00m([38;5;124m"[39m[38;5;124mdo_handshake_on_connect should not be specified for non-blocking sockets[39m[38;5;124m"[39m)
[1;32m-> 1041[0m         [38;5;28;43mself[39;49m[38;5;241;43m.[39;49m[43mdo_handshake[49m[43m([49m[43m)[49m
[0;32m   1042[0m [38;5;28;01mexcept[39;00m ([38;5;167;01mOSError[39;00m, [38;5;167;01mValueError[39;00m):

File [1;32mC:\ProgramData\Anaconda3\envs\libro-ec4301\lib\ssl.py:1310[0m, in [0;36mSSLSocket.do_handshake[1;34m(self, block)[0m
[0;32m   1309[0m         [38;5;28mself[39m[38;5;241m.[39msettimeout([38;5;28;01mNone[39;00m)
[1;32m-> 1310[0m     [38;5;28;43mself[39;49m[38;5;241;43m.[39;49m[43m_sslobj[49m[38;5;241;43m.[39;49m[43mdo_handshake[49m[43m([49m[43m)[49m
[0;32m   1311[0m [38;5;28;01mfinally[39;00m:

[1;31mSSLCertVerificationError[0m: [SSL: CERTIFICATE_VERIFY_FAILED] certificate verify failed: unable to get local issuer certificate (_ssl.c:1129)

During handling of the above exception, another exception occurred:

[1;31mURLError[0m                                  Traceback (most recent call last)
Input [1;32mIn [3][0m, in [0;36m<cell line: 2>[1;34m()[0m
[0;32m      1[0m greene_file [38;5;241m=[39m [38;5;124m'[39m[38;5;124mhttp://www.stern.nyu.edu/~wgreene/Text/Edition7/TableF2-2.csv[39m[38;5;124m'[39m
[1;32m----> 2[0m gasdata [38;5;241m=[39m [43mpd[49m[38;5;241;43m.[39;49m[43mread_csv[49m[43m([49m[43mgreene_file[49m[43m,[49m[43m [49m[43mparse_dates[49m[38;5;241;43m=[39;49m[38;5;28;43;01mTrue[39;49;00m[43m,[49m[43m [49m[43mindex_col[49m[38;5;241;43m=[39;49m[38;5;241;43m0[39;49m[43m)[49m
[0;32m      4[0m gasdata[38;5;241m.[39meval([38;5;124m'[39m[38;5;124mG = GASEXP/GASP[39m[38;5;124m'[39m, inplace[38;5;241m=[39m[38;5;28;01mTrue[39;00m)
[0;32m      5[0m gasdata[38;5;241m.[39meval([38;5;124m'[39m[38;5;124mGPC = 1e6*G/POP[39m[38;5;124m'[39m, inplace[38;5;241m=[39m[38;5;28;01mTrue[39;00m)

File [1;32mC:\ProgramData\Anaconda3\envs\libro-ec4301\lib\site-packages\pandas\util\_decorators.py:311[0m, in [0;36mdeprecate_nonkeyword_arguments.<locals>.decorate.<locals>.wrapper[1;34m(*args, **kwargs)[0m
[0;32m    305[0m [38;5;28;01mif[39;00m [38;5;28mlen[39m(args) [38;5;241m>[39m num_allow_args:
[0;32m    306[0m     warnings[38;5;241m.[39mwarn(
[0;32m    307[0m         msg[38;5;241m.[39mformat(arguments[38;5;241m=[39marguments),
[0;32m    308[0m         [38;5;167;01mFutureWarning[39;00m,
[0;32m    309[0m         stacklevel[38;5;241m=[39mstacklevel,
[0;32m    310[0m     )
[1;32m--> 311[0m [38;5;28;01mreturn[39;00m func([38;5;241m*[39margs, [38;5;241m*[39m[38;5;241m*[39mkwargs)

File [1;32mC:\ProgramData\Anaconda3\envs\libro-ec4301\lib\site-packages\pandas\io\parsers\readers.py:680[0m, in [0;36mread_csv[1;34m(filepath_or_buffer, sep, delimiter, header, names, index_col, usecols, squeeze, prefix, mangle_dupe_cols, dtype, engine, converters, true_values, false_values, skipinitialspace, skiprows, skipfooter, nrows, na_values, keep_default_na, na_filter, verbose, skip_blank_lines, parse_dates, infer_datetime_format, keep_date_col, date_parser, dayfirst, cache_dates, iterator, chunksize, compression, thousands, decimal, lineterminator, quotechar, quoting, doublequote, escapechar, comment, encoding, encoding_errors, dialect, error_bad_lines, warn_bad_lines, on_bad_lines, delim_whitespace, low_memory, memory_map, float_precision, storage_options)[0m
[0;32m    665[0m kwds_defaults [38;5;241m=[39m _refine_defaults_read(
[0;32m    666[0m     dialect,
[0;32m    667[0m     delimiter,
[1;32m   (...)[0m
[0;32m    676[0m     defaults[38;5;241m=[39m{[38;5;124m"[39m[38;5;124mdelimiter[39m[38;5;124m"[39m: [38;5;124m"[39m[38;5;124m,[39m[38;5;124m"[39m},
[0;32m    677[0m )
[0;32m    678[0m kwds[38;5;241m.[39mupdate(kwds_defaults)
[1;32m--> 680[0m [38;5;28;01mreturn[39;00m [43m_read[49m[43m([49m[43mfilepath_or_buffer[49m[43m,[49m[43m [49m[43mkwds[49m[43m)[49m

File [1;32mC:\ProgramData\Anaconda3\envs\libro-ec4301\lib\site-packages\pandas\io\parsers\readers.py:575[0m, in [0;36m_read[1;34m(filepath_or_buffer, kwds)[0m
[0;32m    572[0m _validate_names(kwds[38;5;241m.[39mget([38;5;124m"[39m[38;5;124mnames[39m[38;5;124m"[39m, [38;5;28;01mNone[39;00m))
[0;32m    574[0m [38;5;66;03m# Create the parser.[39;00m
[1;32m--> 575[0m parser [38;5;241m=[39m TextFileReader(filepath_or_buffer, [38;5;241m*[39m[38;5;241m*[39mkwds)
[0;32m    577[0m [38;5;28;01mif[39;00m chunksize [38;5;129;01mor[39;00m iterator:
[0;32m    578[0m     [38;5;28;01mreturn[39;00m parser

File [1;32mC:\ProgramData\Anaconda3\envs\libro-ec4301\lib\site-packages\pandas\io\parsers\readers.py:934[0m, in [0;36mTextFileReader.__init__[1;34m(self, f, engine, **kwds)[0m
[0;32m    931[0m     [38;5;28mself[39m[38;5;241m.[39moptions[[38;5;124m"[39m[38;5;124mhas_index_names[39m[38;5;124m"[39m] [38;5;241m=[39m kwds[[38;5;124m"[39m[38;5;124mhas_index_names[39m[38;5;124m"[39m]
[0;32m    933[0m [38;5;28mself[39m[38;5;241m.[39mhandles: IOHandles [38;5;241m|[39m [38;5;28;01mNone[39;00m [38;5;241m=[39m [38;5;28;01mNone[39;00m
[1;32m--> 934[0m [38;5;28mself[39m[38;5;241m.[39m_engine [38;5;241m=[39m [38;5;28;43mself[39;49m[38;5;241;43m.[39;49m[43m_make_engine[49m[43m([49m[43mf[49m[43m,[49m[43m [49m[38;5;28;43mself[39;49m[38;5;241;43m.[39;49m[43mengine[49m[43m)[49m

File [1;32mC:\ProgramData\Anaconda3\envs\libro-ec4301\lib\site-packages\pandas\io\parsers\readers.py:1218[0m, in [0;36mTextFileReader._make_engine[1;34m(self, f, engine)[0m
[0;32m   1214[0m     mode [38;5;241m=[39m [38;5;124m"[39m[38;5;124mrb[39m[38;5;124m"[39m
[0;32m   1215[0m [38;5;66;03m# error: No overload variant of "get_handle" matches argument types[39;00m
[0;32m   1216[0m [38;5;66;03m# "Union[str, PathLike[str], ReadCsvBuffer[bytes], ReadCsvBuffer[str]]"[39;00m
[0;32m   1217[0m [38;5;66;03m# , "str", "bool", "Any", "Any", "Any", "Any", "Any"[39;00m
[1;32m-> 1218[0m [38;5;28mself[39m[38;5;241m.[39mhandles [38;5;241m=[39m [43mget_handle[49m[43m([49m[43m  [49m[38;5;66;43;03m# type: ignore[call-overload][39;49;00m
[0;32m   1219[0m [43m    [49m[43mf[49m[43m,[49m
[0;32m   1220[0m [43m    [49m[43mmode[49m[43m,[49m
[0;32m   1221[0m [43m    [49m[43mencoding[49m[38;5;241;43m=[39;49m[38;5;28;43mself[39;49m[38;5;241;43m.[39;49m[43moptions[49m[38;5;241;43m.[39;49m[43mget[49m[43m([49m[38;5;124;43m"[39;49m[38;5;124;43mencoding[39;49m[38;5;124;43m"[39;49m[43m,[49m[43m [49m[38;5;28;43;01mNone[39;49;00m[43m)[49m[43m,[49m
[0;32m   1222[0m [43m    [49m[43mcompression[49m[38;5;241;43m=[39;49m[38;5;28;43mself[39;49m[38;5;241;43m.[39;49m[43moptions[49m[38;5;241;43m.[39;49m[43mget[49m[43m([49m[38;5;124;43m"[39;49m[38;5;124;43mcompression[39;49m[38;5;124;43m"[39;49m[43m,[49m[43m [49m[38;5;28;43;01mNone[39;49;00m[43m)[49m[43m,[49m
[0;32m   1223[0m [43m    [49m[43mmemory_map[49m[38;5;241;43m=[39;49m[38;5;28;43mself[39;49m[38;5;241;43m.[39;49m[43moptions[49m[38;5;241;43m.[39;49m[43mget[49m[43m([49m[38;5;124;43m"[39;49m[38;5;124;43mmemory_map[39;49m[38;5;124;43m"[39;49m[43m,[49m[43m [49m[38;5;28;43;01mFalse[39;49;00m[43m)[49m[43m,[49m
[0;32m   1224[0m [43m    [49m[43mis_text[49m[38;5;241;43m=[39;49m[43mis_text[49m[43m,[49m
[0;32m   1225[0m [43m    [49m[43merrors[49m[38;5;241;43m=[39;49m[38;5;28;43mself[39;49m[38;5;241;43m.[39;49m[43moptions[49m[38;5;241;43m.[39;49m[43mget[49m[43m([49m[38;5;124;43m"[39;49m[38;5;124;43mencoding_errors[39;49m[38;5;124;43m"[39;49m[43m,[49m[43m [49m[38;5;124;43m"[39;49m[38;5;124;43mstrict[39;49m[38;5;124;43m"[39;49m[43m)[49m[43m,[49m
[0;32m   1226[0m [43m    [49m[43mstorage_options[49m[38;5;241;43m=[39;49m[38;5;28;43mself[39;49m[38;5;241;43m.[39;49m[43moptions[49m[38;5;241;43m.[39;49m[43mget[49m[43m([49m[38;5;124;43m"[39;49m[38;5;124;43mstorage_options[39;49m[38;5;124;43m"[39;49m[43m,[49m[43m [49m[38;5;28;43;01mNone[39;49;00m[43m)[49m[43m,[49m
[0;32m   1227[0m [43m[49m[43m)[49m
[0;32m   1228[0m [38;5;28;01massert[39;00m [38;5;28mself[39m[38;5;241m.[39mhandles [38;5;129;01mis[39;00m [38;5;129;01mnot[39;00m [38;5;28;01mNone[39;00m
[0;32m   1229[0m f [38;5;241m=[39m [38;5;28mself[39m[38;5;241m.[39mhandles[38;5;241m.[39mhandle

File [1;32mC:\ProgramData\Anaconda3\envs\libro-ec4301\lib\site-packages\pandas\io\common.py:667[0m, in [0;36mget_handle[1;34m(path_or_buf, mode, encoding, compression, memory_map, is_text, errors, storage_options)[0m
[0;32m    664[0m     codecs[38;5;241m.[39mlookup_error(errors)
[0;32m    666[0m [38;5;66;03m# open URLs[39;00m
[1;32m--> 667[0m ioargs [38;5;241m=[39m [43m_get_filepath_or_buffer[49m[43m([49m
[0;32m    668[0m [43m    [49m[43mpath_or_buf[49m[43m,[49m
[0;32m    669[0m [43m    [49m[43mencoding[49m[38;5;241;43m=[39;49m[43mencoding[49m[43m,[49m
[0;32m    670[0m [43m    [49m[43mcompression[49m[38;5;241;43m=[39;49m[43mcompression[49m[43m,[49m
[0;32m    671[0m [43m    [49m[43mmode[49m[38;5;241;43m=[39;49m[43mmode[49m[43m,[49m
[0;32m    672[0m [43m    [49m[43mstorage_options[49m[38;5;241;43m=[39;49m[43mstorage_options[49m[43m,[49m
[0;32m    673[0m [43m[49m[43m)[49m
[0;32m    675[0m handle [38;5;241m=[39m ioargs[38;5;241m.[39mfilepath_or_buffer
[0;32m    676[0m handles: [38;5;28mlist[39m[BaseBuffer]

File [1;32mC:\ProgramData\Anaconda3\envs\libro-ec4301\lib\site-packages\pandas\io\common.py:336[0m, in [0;36m_get_filepath_or_buffer[1;34m(filepath_or_buffer, encoding, compression, mode, storage_options)[0m
[0;32m    334[0m [38;5;66;03m# assuming storage_options is to be interpreted as headers[39;00m
[0;32m    335[0m req_info [38;5;241m=[39m urllib[38;5;241m.[39mrequest[38;5;241m.[39mRequest(filepath_or_buffer, headers[38;5;241m=[39mstorage_options)
[1;32m--> 336[0m [38;5;28;01mwith[39;00m [43murlopen[49m[43m([49m[43mreq_info[49m[43m)[49m [38;5;28;01mas[39;00m req:
[0;32m    337[0m     content_encoding [38;5;241m=[39m req[38;5;241m.[39mheaders[38;5;241m.[39mget([38;5;124m"[39m[38;5;124mContent-Encoding[39m[38;5;124m"[39m, [38;5;28;01mNone[39;00m)
[0;32m    338[0m     [38;5;28;01mif[39;00m content_encoding [38;5;241m==[39m [38;5;124m"[39m[38;5;124mgzip[39m[38;5;124m"[39m:
[0;32m    339[0m         [38;5;66;03m# Override compression based on Content-Encoding header[39;00m

File [1;32mC:\ProgramData\Anaconda3\envs\libro-ec4301\lib\site-packages\pandas\io\common.py:236[0m, in [0;36murlopen[1;34m(*args, **kwargs)[0m
[0;32m    230[0m [38;5;124;03m"""[39;00m
[0;32m    231[0m [38;5;124;03mLazy-import wrapper for stdlib urlopen, as that imports a big chunk of[39;00m
[0;32m    232[0m [38;5;124;03mthe stdlib.[39;00m
[0;32m    233[0m [38;5;124;03m"""[39;00m
[0;32m    234[0m [38;5;28;01mimport[39;00m [38;5;21;01murllib[39;00m[38;5;21;01m.[39;00m[38;5;21;01mrequest[39;00m
[1;32m--> 236[0m [38;5;28;01mreturn[39;00m urllib[38;5;241m.[39mrequest[38;5;241m.[39murlopen([38;5;241m*[39margs, [38;5;241m*[39m[38;5;241m*[39mkwargs)

File [1;32mC:\ProgramData\Anaconda3\envs\libro-ec4301\lib\urllib\request.py:214[0m, in [0;36murlopen[1;34m(url, data, timeout, cafile, capath, cadefault, context)[0m
[0;32m    212[0m [38;5;28;01melse[39;00m:
[0;32m    213[0m     opener [38;5;241m=[39m _opener
[1;32m--> 214[0m [38;5;28;01mreturn[39;00m [43mopener[49m[38;5;241;43m.[39;49m[43mopen[49m[43m([49m[43murl[49m[43m,[49m[43m [49m[43mdata[49m[43m,[49m[43m [49m[43mtimeout[49m[43m)[49m

File [1;32mC:\ProgramData\Anaconda3\envs\libro-ec4301\lib\urllib\request.py:523[0m, in [0;36mOpenerDirector.open[1;34m(self, fullurl, data, timeout)[0m
[0;32m    521[0m [38;5;28;01mfor[39;00m processor [38;5;129;01min[39;00m [38;5;28mself[39m[38;5;241m.[39mprocess_response[38;5;241m.[39mget(protocol, []):
[0;32m    522[0m     meth [38;5;241m=[39m [38;5;28mgetattr[39m(processor, meth_name)
[1;32m--> 523[0m     response [38;5;241m=[39m [43mmeth[49m[43m([49m[43mreq[49m[43m,[49m[43m [49m[43mresponse[49m[43m)[49m
[0;32m    525[0m [38;5;28;01mreturn[39;00m response

File [1;32mC:\ProgramData\Anaconda3\envs\libro-ec4301\lib\urllib\request.py:632[0m, in [0;36mHTTPErrorProcessor.http_response[1;34m(self, request, response)[0m
[0;32m    629[0m [38;5;66;03m# According to RFC 2616, "2xx" code indicates that the client's[39;00m
[0;32m    630[0m [38;5;66;03m# request was successfully received, understood, and accepted.[39;00m
[0;32m    631[0m [38;5;28;01mif[39;00m [38;5;129;01mnot[39;00m ([38;5;241m200[39m [38;5;241m<[39m[38;5;241m=[39m code [38;5;241m<[39m [38;5;241m300[39m):
[1;32m--> 632[0m     response [38;5;241m=[39m [38;5;28;43mself[39;49m[38;5;241;43m.[39;49m[43mparent[49m[38;5;241;43m.[39;49m[43merror[49m[43m([49m
[0;32m    633[0m [43m        [49m[38;5;124;43m'[39;49m[38;5;124;43mhttp[39;49m[38;5;124;43m'[39;49m[43m,[49m[43m [49m[43mrequest[49m[43m,[49m[43m [49m[43mresponse[49m[43m,[49m[43m [49m[43mcode[49m[43m,[49m[43m [49m[43mmsg[49m[43m,[49m[43m [49m[43mhdrs[49m[43m)[49m
[0;32m    635[0m [38;5;28;01mreturn[39;00m response

File [1;32mC:\ProgramData\Anaconda3\envs\libro-ec4301\lib\urllib\request.py:555[0m, in [0;36mOpenerDirector.error[1;34m(self, proto, *args)[0m
[0;32m    553[0m     http_err [38;5;241m=[39m [38;5;241m0[39m
[0;32m    554[0m args [38;5;241m=[39m ([38;5;28mdict[39m, proto, meth_name) [38;5;241m+[39m args
[1;32m--> 555[0m result [38;5;241m=[39m [38;5;28;43mself[39;49m[38;5;241;43m.[39;49m[43m_call_chain[49m[43m([49m[38;5;241;43m*[39;49m[43margs[49m[43m)[49m
[0;32m    556[0m [38;5;28;01mif[39;00m result:
[0;32m    557[0m     [38;5;28;01mreturn[39;00m result

File [1;32mC:\ProgramData\Anaconda3\envs\libro-ec4301\lib\urllib\request.py:494[0m, in [0;36mOpenerDirector._call_chain[1;34m(self, chain, kind, meth_name, *args)[0m
[0;32m    492[0m [38;5;28;01mfor[39;00m handler [38;5;129;01min[39;00m handlers:
[0;32m    493[0m     func [38;5;241m=[39m [38;5;28mgetattr[39m(handler, meth_name)
[1;32m--> 494[0m     result [38;5;241m=[39m [43mfunc[49m[43m([49m[38;5;241;43m*[39;49m[43margs[49m[43m)[49m
[0;32m    495[0m     [38;5;28;01mif[39;00m result [38;5;129;01mis[39;00m [38;5;129;01mnot[39;00m [38;5;28;01mNone[39;00m:
[0;32m    496[0m         [38;5;28;01mreturn[39;00m result

File [1;32mC:\ProgramData\Anaconda3\envs\libro-ec4301\lib\urllib\request.py:747[0m, in [0;36mHTTPRedirectHandler.http_error_302[1;34m(self, req, fp, code, msg, headers)[0m
[0;32m    744[0m fp[38;5;241m.[39mread()
[0;32m    745[0m fp[38;5;241m.[39mclose()
[1;32m--> 747[0m [38;5;28;01mreturn[39;00m [38;5;28;43mself[39;49m[38;5;241;43m.[39;49m[43mparent[49m[38;5;241;43m.[39;49m[43mopen[49m[43m([49m[43mnew[49m[43m,[49m[43m [49m[43mtimeout[49m[38;5;241;43m=[39;49m[43mreq[49m[38;5;241;43m.[39;49m[43mtimeout[49m[43m)[49m

File [1;32mC:\ProgramData\Anaconda3\envs\libro-ec4301\lib\urllib\request.py:523[0m, in [0;36mOpenerDirector.open[1;34m(self, fullurl, data, timeout)[0m
[0;32m    521[0m [38;5;28;01mfor[39;00m processor [38;5;129;01min[39;00m [38;5;28mself[39m[38;5;241m.[39mprocess_response[38;5;241m.[39mget(protocol, []):
[0;32m    522[0m     meth [38;5;241m=[39m [38;5;28mgetattr[39m(processor, meth_name)
[1;32m--> 523[0m     response [38;5;241m=[39m [43mmeth[49m[43m([49m[43mreq[49m[43m,[49m[43m [49m[43mresponse[49m[43m)[49m
[0;32m    525[0m [38;5;28;01mreturn[39;00m response

File [1;32mC:\ProgramData\Anaconda3\envs\libro-ec4301\lib\urllib\request.py:632[0m, in [0;36mHTTPErrorProcessor.http_response[1;34m(self, request, response)[0m
[0;32m    629[0m [38;5;66;03m# According to RFC 2616, "2xx" code indicates that the client's[39;00m
[0;32m    630[0m [38;5;66;03m# request was successfully received, understood, and accepted.[39;00m
[0;32m    631[0m [38;5;28;01mif[39;00m [38;5;129;01mnot[39;00m ([38;5;241m200[39m [38;5;241m<[39m[38;5;241m=[39m code [38;5;241m<[39m [38;5;241m300[39m):
[1;32m--> 632[0m     response [38;5;241m=[39m [38;5;28;43mself[39;49m[38;5;241;43m.[39;49m[43mparent[49m[38;5;241;43m.[39;49m[43merror[49m[43m([49m
[0;32m    633[0m [43m        [49m[38;5;124;43m'[39;49m[38;5;124;43mhttp[39;49m[38;5;124;43m'[39;49m[43m,[49m[43m [49m[43mrequest[49m[43m,[49m[43m [49m[43mresponse[49m[43m,[49m[43m [49m[43mcode[49m[43m,[49m[43m [49m[43mmsg[49m[43m,[49m[43m [49m[43mhdrs[49m[43m)[49m
[0;32m    635[0m [38;5;28;01mreturn[39;00m response

File [1;32mC:\ProgramData\Anaconda3\envs\libro-ec4301\lib\urllib\request.py:555[0m, in [0;36mOpenerDirector.error[1;34m(self, proto, *args)[0m
[0;32m    553[0m     http_err [38;5;241m=[39m [38;5;241m0[39m
[0;32m    554[0m args [38;5;241m=[39m ([38;5;28mdict[39m, proto, meth_name) [38;5;241m+[39m args
[1;32m--> 555[0m result [38;5;241m=[39m [38;5;28;43mself[39;49m[38;5;241;43m.[39;49m[43m_call_chain[49m[43m([49m[38;5;241;43m*[39;49m[43margs[49m[43m)[49m
[0;32m    556[0m [38;5;28;01mif[39;00m result:
[0;32m    557[0m     [38;5;28;01mreturn[39;00m result

File [1;32mC:\ProgramData\Anaconda3\envs\libro-ec4301\lib\urllib\request.py:494[0m, in [0;36mOpenerDirector._call_chain[1;34m(self, chain, kind, meth_name, *args)[0m
[0;32m    492[0m [38;5;28;01mfor[39;00m handler [38;5;129;01min[39;00m handlers:
[0;32m    493[0m     func [38;5;241m=[39m [38;5;28mgetattr[39m(handler, meth_name)
[1;32m--> 494[0m     result [38;5;241m=[39m [43mfunc[49m[43m([49m[38;5;241;43m*[39;49m[43margs[49m[43m)[49m
[0;32m    495[0m     [38;5;28;01mif[39;00m result [38;5;129;01mis[39;00m [38;5;129;01mnot[39;00m [38;5;28;01mNone[39;00m:
[0;32m    496[0m         [38;5;28;01mreturn[39;00m result

File [1;32mC:\ProgramData\Anaconda3\envs\libro-ec4301\lib\urllib\request.py:747[0m, in [0;36mHTTPRedirectHandler.http_error_302[1;34m(self, req, fp, code, msg, headers)[0m
[0;32m    744[0m fp[38;5;241m.[39mread()
[0;32m    745[0m fp[38;5;241m.[39mclose()
[1;32m--> 747[0m [38;5;28;01mreturn[39;00m [38;5;28;43mself[39;49m[38;5;241;43m.[39;49m[43mparent[49m[38;5;241;43m.[39;49m[43mopen[49m[43m([49m[43mnew[49m[43m,[49m[43m [49m[43mtimeout[49m[38;5;241;43m=[39;49m[43mreq[49m[38;5;241;43m.[39;49m[43mtimeout[49m[43m)[49m

File [1;32mC:\ProgramData\Anaconda3\envs\libro-ec4301\lib\urllib\request.py:523[0m, in [0;36mOpenerDirector.open[1;34m(self, fullurl, data, timeout)[0m
[0;32m    521[0m [38;5;28;01mfor[39;00m processor [38;5;129;01min[39;00m [38;5;28mself[39m[38;5;241m.[39mprocess_response[38;5;241m.[39mget(protocol, []):
[0;32m    522[0m     meth [38;5;241m=[39m [38;5;28mgetattr[39m(processor, meth_name)
[1;32m--> 523[0m     response [38;5;241m=[39m [43mmeth[49m[43m([49m[43mreq[49m[43m,[49m[43m [49m[43mresponse[49m[43m)[49m
[0;32m    525[0m [38;5;28;01mreturn[39;00m response

File [1;32mC:\ProgramData\Anaconda3\envs\libro-ec4301\lib\urllib\request.py:632[0m, in [0;36mHTTPErrorProcessor.http_response[1;34m(self, request, response)[0m
[0;32m    629[0m [38;5;66;03m# According to RFC 2616, "2xx" code indicates that the client's[39;00m
[0;32m    630[0m [38;5;66;03m# request was successfully received, understood, and accepted.[39;00m
[0;32m    631[0m [38;5;28;01mif[39;00m [38;5;129;01mnot[39;00m ([38;5;241m200[39m [38;5;241m<[39m[38;5;241m=[39m code [38;5;241m<[39m [38;5;241m300[39m):
[1;32m--> 632[0m     response [38;5;241m=[39m [38;5;28;43mself[39;49m[38;5;241;43m.[39;49m[43mparent[49m[38;5;241;43m.[39;49m[43merror[49m[43m([49m
[0;32m    633[0m [43m        [49m[38;5;124;43m'[39;49m[38;5;124;43mhttp[39;49m[38;5;124;43m'[39;49m[43m,[49m[43m [49m[43mrequest[49m[43m,[49m[43m [49m[43mresponse[49m[43m,[49m[43m [49m[43mcode[49m[43m,[49m[43m [49m[43mmsg[49m[43m,[49m[43m [49m[43mhdrs[49m[43m)[49m
[0;32m    635[0m [38;5;28;01mreturn[39;00m response

File [1;32mC:\ProgramData\Anaconda3\envs\libro-ec4301\lib\urllib\request.py:555[0m, in [0;36mOpenerDirector.error[1;34m(self, proto, *args)[0m
[0;32m    553[0m     http_err [38;5;241m=[39m [38;5;241m0[39m
[0;32m    554[0m args [38;5;241m=[39m ([38;5;28mdict[39m, proto, meth_name) [38;5;241m+[39m args
[1;32m--> 555[0m result [38;5;241m=[39m [38;5;28;43mself[39;49m[38;5;241;43m.[39;49m[43m_call_chain[49m[43m([49m[38;5;241;43m*[39;49m[43margs[49m[43m)[49m
[0;32m    556[0m [38;5;28;01mif[39;00m result:
[0;32m    557[0m     [38;5;28;01mreturn[39;00m result

File [1;32mC:\ProgramData\Anaconda3\envs\libro-ec4301\lib\urllib\request.py:494[0m, in [0;36mOpenerDirector._call_chain[1;34m(self, chain, kind, meth_name, *args)[0m
[0;32m    492[0m [38;5;28;01mfor[39;00m handler [38;5;129;01min[39;00m handlers:
[0;32m    493[0m     func [38;5;241m=[39m [38;5;28mgetattr[39m(handler, meth_name)
[1;32m--> 494[0m     result [38;5;241m=[39m [43mfunc[49m[43m([49m[38;5;241;43m*[39;49m[43margs[49m[43m)[49m
[0;32m    495[0m     [38;5;28;01mif[39;00m result [38;5;129;01mis[39;00m [38;5;129;01mnot[39;00m [38;5;28;01mNone[39;00m:
[0;32m    496[0m         [38;5;28;01mreturn[39;00m result

File [1;32mC:\ProgramData\Anaconda3\envs\libro-ec4301\lib\urllib\request.py:747[0m, in [0;36mHTTPRedirectHandler.http_error_302[1;34m(self, req, fp, code, msg, headers)[0m
[0;32m    744[0m fp[38;5;241m.[39mread()
[0;32m    745[0m fp[38;5;241m.[39mclose()
[1;32m--> 747[0m [38;5;28;01mreturn[39;00m [38;5;28;43mself[39;49m[38;5;241;43m.[39;49m[43mparent[49m[38;5;241;43m.[39;49m[43mopen[49m[43m([49m[43mnew[49m[43m,[49m[43m [49m[43mtimeout[49m[38;5;241;43m=[39;49m[43mreq[49m[38;5;241;43m.[39;49m[43mtimeout[49m[43m)[49m

File [1;32mC:\ProgramData\Anaconda3\envs\libro-ec4301\lib\urllib\request.py:517[0m, in [0;36mOpenerDirector.open[1;34m(self, fullurl, data, timeout)[0m
[0;32m    514[0m     req [38;5;241m=[39m meth(req)
[0;32m    516[0m sys[38;5;241m.[39maudit([38;5;124m'[39m[38;5;124murllib.Request[39m[38;5;124m'[39m, req[38;5;241m.[39mfull_url, req[38;5;241m.[39mdata, req[38;5;241m.[39mheaders, req[38;5;241m.[39mget_method())
[1;32m--> 517[0m response [38;5;241m=[39m [38;5;28;43mself[39;49m[38;5;241;43m.[39;49m[43m_open[49m[43m([49m[43mreq[49m[43m,[49m[43m [49m[43mdata[49m[43m)[49m
[0;32m    519[0m [38;5;66;03m# post-process response[39;00m
[0;32m    520[0m meth_name [38;5;241m=[39m protocol[38;5;241m+[39m[38;5;124m"[39m[38;5;124m_response[39m[38;5;124m"[39m

File [1;32mC:\ProgramData\Anaconda3\envs\libro-ec4301\lib\urllib\request.py:534[0m, in [0;36mOpenerDirector._open[1;34m(self, req, data)[0m
[0;32m    531[0m     [38;5;28;01mreturn[39;00m result
[0;32m    533[0m protocol [38;5;241m=[39m req[38;5;241m.[39mtype
[1;32m--> 534[0m result [38;5;241m=[39m [38;5;28;43mself[39;49m[38;5;241;43m.[39;49m[43m_call_chain[49m[43m([49m[38;5;28;43mself[39;49m[38;5;241;43m.[39;49m[43mhandle_open[49m[43m,[49m[43m [49m[43mprotocol[49m[43m,[49m[43m [49m[43mprotocol[49m[43m [49m[38;5;241;43m+[39;49m
[0;32m    535[0m [43m                          [49m[38;5;124;43m'[39;49m[38;5;124;43m_open[39;49m[38;5;124;43m'[39;49m[43m,[49m[43m [49m[43mreq[49m[43m)[49m
[0;32m    536[0m [38;5;28;01mif[39;00m result:
[0;32m    537[0m     [38;5;28;01mreturn[39;00m result

File [1;32mC:\ProgramData\Anaconda3\envs\libro-ec4301\lib\urllib\request.py:494[0m, in [0;36mOpenerDirector._call_chain[1;34m(self, chain, kind, meth_name, *args)[0m
[0;32m    492[0m [38;5;28;01mfor[39;00m handler [38;5;129;01min[39;00m handlers:
[0;32m    493[0m     func [38;5;241m=[39m [38;5;28mgetattr[39m(handler, meth_name)
[1;32m--> 494[0m     result [38;5;241m=[39m [43mfunc[49m[43m([49m[38;5;241;43m*[39;49m[43margs[49m[43m)[49m
[0;32m    495[0m     [38;5;28;01mif[39;00m result [38;5;129;01mis[39;00m [38;5;129;01mnot[39;00m [38;5;28;01mNone[39;00m:
[0;32m    496[0m         [38;5;28;01mreturn[39;00m result

File [1;32mC:\ProgramData\Anaconda3\envs\libro-ec4301\lib\urllib\request.py:1389[0m, in [0;36mHTTPSHandler.https_open[1;34m(self, req)[0m
[0;32m   1388[0m [38;5;28;01mdef[39;00m [38;5;21mhttps_open[39m([38;5;28mself[39m, req):
[1;32m-> 1389[0m     [38;5;28;01mreturn[39;00m [38;5;28;43mself[39;49m[38;5;241;43m.[39;49m[43mdo_open[49m[43m([49m[43mhttp[49m[38;5;241;43m.[39;49m[43mclient[49m[38;5;241;43m.[39;49m[43mHTTPSConnection[49m[43m,[49m[43m [49m[43mreq[49m[43m,[49m
[0;32m   1390[0m [43m        [49m[43mcontext[49m[38;5;241;43m=[39;49m[38;5;28;43mself[39;49m[38;5;241;43m.[39;49m[43m_context[49m[43m,[49m[43m [49m[43mcheck_hostname[49m[38;5;241;43m=[39;49m[38;5;28;43mself[39;49m[38;5;241;43m.[39;49m[43m_check_hostname[49m[43m)[49m

File [1;32mC:\ProgramData\Anaconda3\envs\libro-ec4301\lib\urllib\request.py:1349[0m, in [0;36mAbstractHTTPHandler.do_open[1;34m(self, http_class, req, **http_conn_args)[0m
[0;32m   1346[0m         h[38;5;241m.[39mrequest(req[38;5;241m.[39mget_method(), req[38;5;241m.[39mselector, req[38;5;241m.[39mdata, headers,
[0;32m   1347[0m                   encode_chunked[38;5;241m=[39mreq[38;5;241m.[39mhas_header([38;5;124m'[39m[38;5;124mTransfer-encoding[39m[38;5;124m'[39m))
[0;32m   1348[0m     [38;5;28;01mexcept[39;00m [38;5;167;01mOSError[39;00m [38;5;28;01mas[39;00m err: [38;5;66;03m# timeout error[39;00m
[1;32m-> 1349[0m         [38;5;28;01mraise[39;00m URLError(err)
[0;32m   1350[0m     r [38;5;241m=[39m h[38;5;241m.[39mgetresponse()
[0;32m   1351[0m [38;5;28;01mexcept[39;00m:

[1;31mURLError[0m: <urlopen error [SSL: CERTIFICATE_VERIFY_FAILED] certificate verify failed: unable to get local issuer certificate (_ssl.c:1129)>
URLError: <urlopen error [SSL: CERTIFICATE_VERIFY_FAILED] certificate verify failed: unable to get local issuer certificate (_ssl.c:1129)>

