Traceback (most recent call last):
  File "C:\ProgramData\Anaconda3\envs\libro-ec4301\lib\site-packages\jupyter_cache\executors\utils.py", line 51, in single_nb_execution
    executenb(
  File "C:\ProgramData\Anaconda3\envs\libro-ec4301\lib\site-packages\nbclient\client.py", line 1204, in execute
    return NotebookClient(nb=nb, resources=resources, km=km, **kwargs).execute()
  File "C:\ProgramData\Anaconda3\envs\libro-ec4301\lib\site-packages\nbclient\util.py", line 84, in wrapped
    return just_run(coro(*args, **kwargs))
  File "C:\ProgramData\Anaconda3\envs\libro-ec4301\lib\site-packages\nbclient\util.py", line 62, in just_run
    return loop.run_until_complete(coro)
  File "C:\ProgramData\Anaconda3\envs\libro-ec4301\lib\asyncio\base_events.py", line 647, in run_until_complete
    return future.result()
  File "C:\ProgramData\Anaconda3\envs\libro-ec4301\lib\site-packages\nbclient\client.py", line 663, in async_execute
    await self.async_execute_cell(
  File "C:\ProgramData\Anaconda3\envs\libro-ec4301\lib\site-packages\nbclient\client.py", line 965, in async_execute_cell
    await self._check_raise_for_error(cell, cell_index, exec_reply)
  File "C:\ProgramData\Anaconda3\envs\libro-ec4301\lib\site-packages\nbclient\client.py", line 862, in _check_raise_for_error
    raise CellExecutionError.from_cell_and_msg(cell, exec_reply_content)
nbclient.exceptions.CellExecutionError: An error occurred while executing the following cell:
------------------
NP = pd.read_stata('datos/NelsonPlosserData.dta', index_col='year')
NP.index = NP.index.year

def ZivotAndrewsA(serie, k=8):
    dta = NP[[serie]].dropna()
    dta.rename(columns={serie:'y'}, inplace=True)
    dta['t'] = np.arange(dta.shape[0])
    dta['Ly'] = dta['y'].shift(1)
    dta['Dy'] = dta['y'].diff(1)
    for j in range(1, k+1):
        dta[f'D{j}y'] = dta['Dy'].shift(j)    

    lags = '+'.join(dta.columns[-k:])

    alpha1values = pd.Series(0.0, index=dta.index[12:-12])

    for tau in alpha1values.index:
        dta['DL'] = (dta.index>tau).astype(int)
        modelo = ols('y ~ Ly + t + DL + ' + lags, dta).fit()
        alpha1values[tau] = ((modelo.params - 1)/modelo.bse)['Ly']

    tauhat, tval = alpha1values.idxmin(), alpha1values.min()
    dta['DL'] = (dta.index>tauhat).astype(int)
    modelo = ols('y ~ Ly + t + DL + ' + lags, dta).fit()

    return {r'$\hat{T}_B$':tauhat, r'$\alpha_1$': np.round(modelo.params['Ly'],3), r'$t$': np.round(tval,2)}



seriesA = ['lrgnp', 'lgnp', 'lpcrgnp', 'lip', 'lemp', 'lprgnp', 'lcpi', 'lwg', 'lm']
lags = [8,8,7,8,7,5,2,7,6]
variables = {'lrgnp':'Real GNP',
           'lgnp':'Nominal GNP',
           'lpcrgnp':'Real per capita GNP',
           'lip':'Industrial production',
           'lemp':'Employment',
           'lun':'Unemployment rate',
           'lprgnp':'GNP deflator',
           'lcpi':'Consumer prices',
           'lwg':'Wages',
           'lrwg':'Real wages',
           'lm':'Money stock',
           'lvel':'Velocity',
           'bnd':'Bond yield',
           'lsp500':'Common stock prices'}


temp = pd.DataFrame([ZivotAndrewsA(ser, k) for ser, k in zip(seriesA, lags)], index=seriesA)
temp.rename(index=variables)
------------------

[1;31m---------------------------------------------------------------------------[0m
[1;31mFileNotFoundError[0m                         Traceback (most recent call last)
Input [1;32mIn [2][0m, in [0;36m<cell line: 1>[1;34m()[0m
[1;32m----> 1[0m NP [38;5;241m=[39m [43mpd[49m[38;5;241;43m.[39;49m[43mread_stata[49m[43m([49m[38;5;124;43m'[39;49m[38;5;124;43mdatos/NelsonPlosserData.dta[39;49m[38;5;124;43m'[39;49m[43m,[49m[43m [49m[43mindex_col[49m[38;5;241;43m=[39;49m[38;5;124;43m'[39;49m[38;5;124;43myear[39;49m[38;5;124;43m'[39;49m[43m)[49m
[0;32m      2[0m NP[38;5;241m.[39mindex [38;5;241m=[39m NP[38;5;241m.[39mindex[38;5;241m.[39myear
[0;32m      4[0m [38;5;28;01mdef[39;00m [38;5;21mZivotAndrewsA[39m(serie, k[38;5;241m=[39m[38;5;241m8[39m):

File [1;32mC:\ProgramData\Anaconda3\envs\libro-ec4301\lib\site-packages\pandas\io\stata.py:2004[0m, in [0;36mread_stata[1;34m(filepath_or_buffer, convert_dates, convert_categoricals, index_col, convert_missing, preserve_dtypes, columns, order_categoricals, chunksize, iterator, compression, storage_options)[0m
[0;32m   1988[0m [38;5;129m@Appender[39m(_read_stata_doc)
[0;32m   1989[0m [38;5;28;01mdef[39;00m [38;5;21mread_stata[39m(
[0;32m   1990[0m     filepath_or_buffer: FilePath [38;5;241m|[39m ReadBuffer[[38;5;28mbytes[39m],
[1;32m   (...)[0m
[0;32m   2001[0m     storage_options: StorageOptions [38;5;241m=[39m [38;5;28;01mNone[39;00m,
[0;32m   2002[0m ) [38;5;241m-[39m[38;5;241m>[39m DataFrame [38;5;241m|[39m StataReader:
[1;32m-> 2004[0m     reader [38;5;241m=[39m [43mStataReader[49m[43m([49m
[0;32m   2005[0m [43m        [49m[43mfilepath_or_buffer[49m[43m,[49m
[0;32m   2006[0m [43m        [49m[43mconvert_dates[49m[38;5;241;43m=[39;49m[43mconvert_dates[49m[43m,[49m
[0;32m   2007[0m [43m        [49m[43mconvert_categoricals[49m[38;5;241;43m=[39;49m[43mconvert_categoricals[49m[43m,[49m
[0;32m   2008[0m [43m        [49m[43mindex_col[49m[38;5;241;43m=[39;49m[43mindex_col[49m[43m,[49m
[0;32m   2009[0m [43m        [49m[43mconvert_missing[49m[38;5;241;43m=[39;49m[43mconvert_missing[49m[43m,[49m
[0;32m   2010[0m [43m        [49m[43mpreserve_dtypes[49m[38;5;241;43m=[39;49m[43mpreserve_dtypes[49m[43m,[49m
[0;32m   2011[0m [43m        [49m[43mcolumns[49m[38;5;241;43m=[39;49m[43mcolumns[49m[43m,[49m
[0;32m   2012[0m [43m        [49m[43morder_categoricals[49m[38;5;241;43m=[39;49m[43morder_categoricals[49m[43m,[49m
[0;32m   2013[0m [43m        [49m[43mchunksize[49m[38;5;241;43m=[39;49m[43mchunksize[49m[43m,[49m
[0;32m   2014[0m [43m        [49m[43mstorage_options[49m[38;5;241;43m=[39;49m[43mstorage_options[49m[43m,[49m
[0;32m   2015[0m [43m        [49m[43mcompression[49m[38;5;241;43m=[39;49m[43mcompression[49m[43m,[49m
[0;32m   2016[0m [43m    [49m[43m)[49m
[0;32m   2018[0m     [38;5;28;01mif[39;00m iterator [38;5;129;01mor[39;00m chunksize:
[0;32m   2019[0m         [38;5;28;01mreturn[39;00m reader

File [1;32mC:\ProgramData\Anaconda3\envs\libro-ec4301\lib\site-packages\pandas\io\stata.py:1151[0m, in [0;36mStataReader.__init__[1;34m(self, path_or_buf, convert_dates, convert_categoricals, index_col, convert_missing, preserve_dtypes, columns, order_categoricals, chunksize, compression, storage_options)[0m
[0;32m   1148[0m [38;5;28mself[39m[38;5;241m.[39m_lines_read [38;5;241m=[39m [38;5;241m0[39m
[0;32m   1150[0m [38;5;28mself[39m[38;5;241m.[39m_native_byteorder [38;5;241m=[39m _set_endianness(sys[38;5;241m.[39mbyteorder)
[1;32m-> 1151[0m [38;5;28;01mwith[39;00m [43mget_handle[49m[43m([49m
[0;32m   1152[0m [43m    [49m[43mpath_or_buf[49m[43m,[49m
[0;32m   1153[0m [43m    [49m[38;5;124;43m"[39;49m[38;5;124;43mrb[39;49m[38;5;124;43m"[39;49m[43m,[49m
[0;32m   1154[0m [43m    [49m[43mstorage_options[49m[38;5;241;43m=[39;49m[43mstorage_options[49m[43m,[49m
[0;32m   1155[0m [43m    [49m[43mis_text[49m[38;5;241;43m=[39;49m[38;5;28;43;01mFalse[39;49;00m[43m,[49m
[0;32m   1156[0m [43m    [49m[43mcompression[49m[38;5;241;43m=[39;49m[43mcompression[49m[43m,[49m
[0;32m   1157[0m [43m[49m[43m)[49m [38;5;28;01mas[39;00m handles:
[0;32m   1158[0m     [38;5;66;03m# Copy to BytesIO, and ensure no encoding[39;00m
[0;32m   1159[0m     [38;5;28mself[39m[38;5;241m.[39mpath_or_buf [38;5;241m=[39m BytesIO(handles[38;5;241m.[39mhandle[38;5;241m.[39mread())
[0;32m   1161[0m [38;5;28mself[39m[38;5;241m.[39m_read_header()

File [1;32mC:\ProgramData\Anaconda3\envs\libro-ec4301\lib\site-packages\pandas\io\common.py:795[0m, in [0;36mget_handle[1;34m(path_or_buf, mode, encoding, compression, memory_map, is_text, errors, storage_options)[0m
[0;32m    786[0m         handle [38;5;241m=[39m [38;5;28mopen[39m(
[0;32m    787[0m             handle,
[0;32m    788[0m             ioargs[38;5;241m.[39mmode,
[1;32m   (...)[0m
[0;32m    791[0m             newline[38;5;241m=[39m[38;5;124m"[39m[38;5;124m"[39m,
[0;32m    792[0m         )
[0;32m    793[0m     [38;5;28;01melse[39;00m:
[0;32m    794[0m         [38;5;66;03m# Binary mode[39;00m
[1;32m--> 795[0m         handle [38;5;241m=[39m [38;5;28;43mopen[39;49m[43m([49m[43mhandle[49m[43m,[49m[43m [49m[43mioargs[49m[38;5;241;43m.[39;49m[43mmode[49m[43m)[49m
[0;32m    796[0m     handles[38;5;241m.[39mappend(handle)
[0;32m    798[0m [38;5;66;03m# Convert BytesIO or file objects passed with an encoding[39;00m

[1;31mFileNotFoundError[0m: [Errno 2] No such file or directory: 'datos/NelsonPlosserData.dta'
FileNotFoundError: [Errno 2] No such file or directory: 'datos/NelsonPlosserData.dta'

