Traceback (most recent call last):
  File "C:\ProgramData\Anaconda3\lib\site-packages\jupyter_cache\executors\utils.py", line 51, in single_nb_execution
    executenb(
  File "C:\ProgramData\Anaconda3\lib\site-packages\nbclient\client.py", line 1112, in execute
    return NotebookClient(nb=nb, resources=resources, km=km, **kwargs).execute()
  File "C:\ProgramData\Anaconda3\lib\site-packages\nbclient\util.py", line 74, in wrapped
    return just_run(coro(*args, **kwargs))
  File "C:\ProgramData\Anaconda3\lib\site-packages\nbclient\util.py", line 53, in just_run
    return loop.run_until_complete(coro)
  File "C:\ProgramData\Anaconda3\lib\asyncio\base_events.py", line 642, in run_until_complete
    return future.result()
  File "C:\ProgramData\Anaconda3\lib\site-packages\nbclient\client.py", line 553, in async_execute
    await self.async_execute_cell(
  File "C:\ProgramData\Anaconda3\lib\site-packages\nbclient\client.py", line 857, in async_execute_cell
    self._check_raise_for_error(cell, exec_reply)
  File "C:\ProgramData\Anaconda3\lib\site-packages\nbclient\client.py", line 760, in _check_raise_for_error
    raise CellExecutionError.from_cell_and_msg(cell, exec_reply_content)
nbclient.exceptions.CellExecutionError: An error occurred while executing the following cell:
------------------
with open("../data/HimnoNacional.txt", 'r', encoding='utf-8') as archivo_himno:
    for linea in archivo_himno:
        print(linea, sep='')
------------------

[1;31m---------------------------------------------------------------------------[0m
[1;31mFileNotFoundError[0m                         Traceback (most recent call last)
[1;32m~\AppData\Local\Temp/ipykernel_15852/4173093272.py[0m in [0;36m<module>[1;34m[0m
[1;32m----> 1[1;33m [1;32mwith[0m [0mopen[0m[1;33m([0m[1;34m"../data/HimnoNacional.txt"[0m[1;33m,[0m [1;34m'r'[0m[1;33m,[0m [0mencoding[0m[1;33m=[0m[1;34m'utf-8'[0m[1;33m)[0m [1;32mas[0m [0marchivo_himno[0m[1;33m:[0m[1;33m[0m[1;33m[0m[0m
[0m[0;32m      2[0m     [1;32mfor[0m [0mlinea[0m [1;32min[0m [0marchivo_himno[0m[1;33m:[0m[1;33m[0m[1;33m[0m[0m
[0;32m      3[0m         [0mprint[0m[1;33m([0m[0mlinea[0m[1;33m,[0m [0msep[0m[1;33m=[0m[1;34m''[0m[1;33m)[0m[1;33m[0m[1;33m[0m[0m

[1;31mFileNotFoundError[0m: [Errno 2] No such file or directory: '../data/HimnoNacional.txt'
FileNotFoundError: [Errno 2] No such file or directory: '../data/HimnoNacional.txt'

